PLINK v2.0.0-a.6.9LM 64-bit Intel (29 Jan 2025)
Options in effect:
  --bfile /mnt/project/Bulk/Genotype Results/Genotype calls/ukb22418_c22_b0_v2
  --covar /mnt/project/ukb_covariates.cov
  --covar-name Age,Sex,PC1-PC10
  --glm
  --out /opt/notebooks/plink_output/metabo_analysis
  --pheno /mnt/project/ukb_phenotype_data.pheno
  --pheno-name MetaboHealth_Score
  --thin 0.05

Hostname: 7e24ee9cb52e
Working directory: /opt/notebooks
Start time: Tue May  6 15:59:24 2025

Random number seed: 1746547164
31380 MiB RAM detected, ~29746 available; reserving 15690 MiB for main
workspace.
Using up to 16 threads (change this with --threads).
488377 samples (264581 females, 223321 males, 475 ambiguous; 488377 founders)
loaded from /mnt/project/Bulk/Genotype Results/Genotype
calls/ukb22418_c22_b0_v2.fam.
12968 variants loaded from /mnt/project/Bulk/Genotype Results/Genotype
calls/ukb22418_c22_b0_v2.bim.
Warning: Phenotype/covariate value in [-8, -9) or (-9, -10] present, when -9
is treated as missing.  Use --no-input-missing-phenotype to treat -9 as a
numeric value (missing values can be indicated by 'NA'), or
--neg9-pheno-really-missing to suppress this warning.
1 quantitative phenotype loaded (272704 values).
--thin: 12321 variants removed (647 remaining).
Warning: Phenotype/covariate value in [-8, -9) or (-9, -10] present, when -9
is treated as missing.  Use --no-input-missing-phenotype to treat -9 as a
numeric value (missing values can be indicated by 'NA'), or
--neg9-pheno-really-missing to suppress this warning.
12 covariates loaded from /mnt/project/ukb_covariates.cov.
Calculating allele frequencies... done.
647 variants remaining after main filters.
--glm linear regression on phenotype 'MetaboHealth_Score': done.
Results written to /opt/notebooks/plink_output/metabo_analysis.MetaboHealth_Score.glm.linear .

End time: Tue May  6 15:59:53 2025
